<?xml version="1.0" encoding="UTF-8"?>
<testsuite xmlns:xsi="http://www.w3.org/2001/XMLSchema-instance" xsi:noNamespaceSchemaLocation="https://maven.apache.org/surefire/maven-surefire-plugin/xsd/surefire-test-report-3.0.xsd" version="3.0" name="org.bukkit.ArtTest" time="0.071" tests="5" errors="0" skipped="0" failures="0">
  <properties>
[...]
</properties>
  <testcase name="dimensionSanityCheck" classname="org.bukkit.ArtTest" time="0.016"/>
  <testcase name="getById" classname="org.bukkit.ArtTest" time="0.0"/>
  <testcase name="getByNameWithMixedCase" classname="org.bukkit.ArtTest" time="0.001"/>
  <testcase name="getByName" classname="org.bukkit.ArtTest" time="0.0"/>
  <testcase name="getByNullName" classname="org.bukkit.ArtTest" time="0.001"/>
</testsuite>